0 info it worked if it ends with ok
1 verbose cli [ 'C:\\Program Files\\nodejs\\node.exe',
1 verbose cli   'C:\\Program Files\\nodejs\\node_modules\\npm\\bin\\npm-cli.js',
1 verbose cli   'run',
1 verbose cli   'development' ]
2 info using npm@3.10.10
3 info using node@v6.10.2
4 verbose run-script [ 'predevelopment', 'development', 'postdevelopment' ]
5 info lifecycle react-rest-client-example@0.1.0~predevelopment: react-rest-client-example@0.1.0
6 silly lifecycle react-rest-client-example@0.1.0~predevelopment: no script for predevelopment, continuing
7 info lifecycle react-rest-client-example@0.1.0~development: react-rest-client-example@0.1.0
8 verbose lifecycle react-rest-client-example@0.1.0~development: unsafe-perm in lifecycle true
9 verbose lifecycle react-rest-client-example@0.1.0~development: PATH: C:\Program Files\nodejs\node_modules\npm\bin\node-gyp-bin;D:\repositories\react-rest-client-example\node_modules\.bin;C:\Program Files (x86)\Common Files\Oracle\Java\javapath;C:\ProgramData\Oracle\Java\javapath;C:\Program Files (x86)\NVIDIA Corporation\PhysX\Common;C:\Program Files (x86)\Intel\iCLS Client\;C:\Program Files\Intel\iCLS Client\;C:\WINDOWS\system32;C:\WINDOWS;C:\WINDOWS\System32\Wbem;C:\WINDOWS\System32\WindowsPowerShell\v1.0\;C:\Program Files (x86)\Intel\Intel(R) Management Engine Components\DAL;C:\Program Files\Intel\Intel(R) Management Engine Components\DAL;C:\Program Files (x86)\Intel\Intel(R) Management Engine Components\IPT;C:\Program Files\Intel\Intel(R) Management Engine Components\IPT;C:\Strawberry\c\bin;C:\Strawberry\perl\site\bin;C:\Strawberry\perl\bin;C:\Program Files\nodejs\;C:\Program Files\Java\jdk1.8.0_152\bin;C:\Program Files\Git\cmd;C:\WINDOWS\System32\OpenSSH\;C:\Ruby25-x64\bin;C:\Users\Bernardo\AppData\Local\Microsoft\WindowsApps;c:\maven;c:\maven\bin;C:\Users\Bernardo\AppData\Local\Programs\Python\Python37-32;C:\Users\Bernardo\AppData\Local\Programs\Python\Python37-32\Scripts;C:\Users\Bernardo\AppData\Roaming\npm;C:\Program Files\Heroku\bin;C:\Program Files\PostgreSQL\10\bin;
10 verbose lifecycle react-rest-client-example@0.1.0~development: CWD: D:\repositories\react-rest-client-example
11 silly lifecycle react-rest-client-example@0.1.0~development: Args: [ '/d /s /c',
11 silly lifecycle   'cross-env INPUT_PATH=./src/ MODULE_PATH=./node_modules/ OUTPUT_PATH=./build/ ./node_modules/.bin/webpack --config webpack.dev.js' ]
12 silly lifecycle react-rest-client-example@0.1.0~development: Returned: code: 2  signal: null
13 info lifecycle react-rest-client-example@0.1.0~development: Failed to exec development script
14 verbose stack Error: react-rest-client-example@0.1.0 development: `cross-env INPUT_PATH=./src/ MODULE_PATH=./node_modules/ OUTPUT_PATH=./build/ ./node_modules/.bin/webpack --config webpack.dev.js`
14 verbose stack Exit status 2
14 verbose stack     at EventEmitter.<anonymous> (C:\Program Files\nodejs\node_modules\npm\lib\utils\lifecycle.js:255:16)
14 verbose stack     at emitTwo (events.js:106:13)
14 verbose stack     at EventEmitter.emit (events.js:191:7)
14 verbose stack     at ChildProcess.<anonymous> (C:\Program Files\nodejs\node_modules\npm\lib\utils\spawn.js:40:14)
14 verbose stack     at emitTwo (events.js:106:13)
14 verbose stack     at ChildProcess.emit (events.js:191:7)
14 verbose stack     at maybeClose (internal/child_process.js:886:16)
14 verbose stack     at Process.ChildProcess._handle.onexit (internal/child_process.js:226:5)
15 verbose pkgid react-rest-client-example@0.1.0
16 verbose cwd D:\repositories\react-rest-client-example
17 error Windows_NT 10.0.17134
18 error argv "C:\\Program Files\\nodejs\\node.exe" "C:\\Program Files\\nodejs\\node_modules\\npm\\bin\\npm-cli.js" "run" "development"
19 error node v6.10.2
20 error npm  v3.10.10
21 error code ELIFECYCLE
22 error react-rest-client-example@0.1.0 development: `cross-env INPUT_PATH=./src/ MODULE_PATH=./node_modules/ OUTPUT_PATH=./build/ ./node_modules/.bin/webpack --config webpack.dev.js`
22 error Exit status 2
23 error Failed at the react-rest-client-example@0.1.0 development script 'cross-env INPUT_PATH=./src/ MODULE_PATH=./node_modules/ OUTPUT_PATH=./build/ ./node_modules/.bin/webpack --config webpack.dev.js'.
23 error Make sure you have the latest version of node.js and npm installed.
23 error If you do, this is most likely a problem with the react-rest-client-example package,
23 error not with npm itself.
23 error Tell the author that this fails on your system:
23 error     cross-env INPUT_PATH=./src/ MODULE_PATH=./node_modules/ OUTPUT_PATH=./build/ ./node_modules/.bin/webpack --config webpack.dev.js
23 error You can get information on how to open an issue for this project with:
23 error     npm bugs react-rest-client-example
23 error Or if that isn't available, you can get their info via:
23 error     npm owner ls react-rest-client-example
23 error There is likely additional logging output above.
24 verbose exit [ 1, true ]
